app/build/intermediates/manifest_merge_blame_file/debug/processDebugMainManifest/manifest-merger-blame-debug-report.txt
1<?xml version="1.0" encoding="utf-8"?>
2<manifest xmlns:android="http://schemas.android.com/apk/res/android"
3    package="com.cloudpaper.app"
4    android:versionCode="1"
5    android:versionName="1.0" >
6
7    <uses-sdk
8        android:minSdkVersion="26"
9        android:targetSdkVersion="35" />
10
11    <!-- Permissions for setting wallpaper and network access -->
12    <uses-permission android:name="android.permission.SET_WALLPAPER" />
12-->src\main\AndroidManifest.xml:6:5-72
12-->src\main\AndroidManifest.xml:6:22-69
13    <uses-permission android:name="android.permission.SET_WALLPAPER_HINTS" />
13-->src\main\AndroidManifest.xml:7:5-78
13-->src\main\AndroidManifest.xml:7:22-75
14    <uses-permission android:name="android.permission.INTERNET" />
14-->src\main\AndroidManifest.xml:8:5-67
14-->src\main\AndroidManifest.xml:8:22-64
15    <uses-permission android:name="android.permission.ACCESS_NETWORK_STATE" />
15-->src\main\AndroidManifest.xml:9:5-79
15-->src\main\AndroidManifest.xml:9:22-76
16    <uses-permission android:name="android.permission.RECEIVE_BOOT_COMPLETED" />
16-->src\main\AndroidManifest.xml:10:5-81
16-->src\main\AndroidManifest.xml:10:22-78
17    <uses-permission android:name="android.permission.WAKE_LOCK" />
17-->src\main\AndroidManifest.xml:11:5-68
17-->src\main\AndroidManifest.xml:11:22-65
18    <uses-permission android:name="android.permission.POST_NOTIFICATIONS" />
18-->src\main\AndroidManifest.xml:12:5-77
18-->src\main\AndroidManifest.xml:12:22-74
19    <uses-permission android:name="android.permission.FOREGROUND_SERVICE" />
19-->[androidx.work:work-runtime:2.10.0] AndroidManifest.xml:26:5-77
19-->[androidx.work:work-runtime:2.10.0] AndroidManifest.xml:26:22-74
20
21    <permission
21-->[androidx.core:core:1.15.0] AndroidManifest.xml:22:5-24:47
22        android:name="com.cloudpaper.app.DYNAMIC_RECEIVER_NOT_EXPORTED_PERMISSION"
22-->[androidx.core:core:1.15.0] AndroidManifest.xml:23:9-81
23        android:protectionLevel="signature" />
23-->[androidx.core:core:1.15.0] AndroidManifest.xml:24:9-44
24
25    <uses-permission android:name="com.cloudpaper.app.DYNAMIC_RECEIVER_NOT_EXPORTED_PERMISSION" />
25-->[androidx.core:core:1.15.0] AndroidManifest.xml:26:5-97
25-->[androidx.core:core:1.15.0] AndroidManifest.xml:26:22-94
26
27    <application
27-->src\main\AndroidManifest.xml:14:5-48:19
28        android:name="com.cloudpaper.app.CloudpaperApplication"
28-->src\main\AndroidManifest.xml:15:9-46
29        android:allowBackup="true"
29-->src\main\AndroidManifest.xml:16:9-35
30        android:appComponentFactory="androidx.core.app.CoreComponentFactory"
30-->[androidx.core:core:1.15.0] AndroidManifest.xml:28:18-86
31        android:dataExtractionRules="@xml/data_extraction_rules"
31-->src\main\AndroidManifest.xml:17:9-65
32        android:debuggable="true"
33        android:extractNativeLibs="false"
34        android:fullBackupContent="@xml/backup_rules"
34-->src\main\AndroidManifest.xml:18:9-54
35        android:icon="@mipmap/ic_launcher"
35-->src\main\AndroidManifest.xml:19:9-43
36        android:label="@string/app_name"
36-->src\main\AndroidManifest.xml:20:9-41
37        android:roundIcon="@mipmap/ic_launcher_round"
37-->src\main\AndroidManifest.xml:21:9-54
38        android:supportsRtl="true"
38-->src\main\AndroidManifest.xml:22:9-35
39        android:theme="@style/Theme.Cloudpaper"
39-->src\main\AndroidManifest.xml:23:9-48
40        android:usesCleartextTraffic="true" >
40-->src\main\AndroidManifest.xml:24:9-44
41        <activity
41-->src\main\AndroidManifest.xml:27:9-35:20
42            android:name="com.cloudpaper.app.MainActivity"
42-->src\main\AndroidManifest.xml:28:13-41
43            android:exported="true"
43-->src\main\AndroidManifest.xml:29:13-36
44            android:theme="@style/Theme.Cloudpaper" >
44-->src\main\AndroidManifest.xml:30:13-52
45            <intent-filter>
45-->src\main\AndroidManifest.xml:31:13-34:29
46                <action android:name="android.intent.action.MAIN" />
46-->src\main\AndroidManifest.xml:32:17-69
46-->src\main\AndroidManifest.xml:32:25-66
47
48                <category android:name="android.intent.category.LAUNCHER" />
48-->src\main\AndroidManifest.xml:33:17-77
48-->src\main\AndroidManifest.xml:33:27-74
49            </intent-filter>
50        </activity>
51
52        <!-- Receiver for Boot Completed to reschedule background wallpaper rotation -->
53        <receiver
53-->src\main\AndroidManifest.xml:38:9-46:20
54            android:name="com.cloudpaper.app.worker.BootReceiver"
54-->src\main\AndroidManifest.xml:39:13-48
55            android:enabled="true"
55-->src\main\AndroidManifest.xml:41:13-35
56            android:exported="true" >
56-->src\main\AndroidManifest.xml:40:13-36
57            <intent-filter>
57-->src\main\AndroidManifest.xml:42:13-45:29
58                <action android:name="android.intent.action.BOOT_COMPLETED" />
58-->src\main\AndroidManifest.xml:43:17-79
58-->src\main\AndroidManifest.xml:43:25-76
59                <action android:name="android.intent.action.MY_PACKAGE_REPLACED" />
59-->src\main\AndroidManifest.xml:44:17-84
59-->src\main\AndroidManifest.xml:44:25-81
60            </intent-filter>
61        </receiver>
62
63        <activity
63-->[com.google.android.gms:play-services-auth:21.3.0] AndroidManifest.xml:23:9-27:75
64            android:name="com.google.android.gms.auth.api.signin.internal.SignInHubActivity"
64-->[com.google.android.gms:play-services-auth:21.3.0] AndroidManifest.xml:24:13-93
65            android:excludeFromRecents="true"
65-->[com.google.android.gms:play-services-auth:21.3.0] AndroidManifest.xml:25:13-46
66            android:exported="false"
66-->[com.google.android.gms:play-services-auth:21.3.0] AndroidManifest.xml:26:13-37
67            android:theme="@android:style/Theme.Translucent.NoTitleBar" />
67-->[com.google.android.gms:play-services-auth:21.3.0] AndroidManifest.xml:27:13-72
68        <!--
69            Service handling Google Sign-In user revocation. For apps that do not integrate with
70            Google Sign-In, this service will never be started.
71        -->
72        <service
72-->[com.google.android.gms:play-services-auth:21.3.0] AndroidManifest.xml:33:9-37:51
73            android:name="com.google.android.gms.auth.api.signin.RevocationBoundService"
73-->[com.google.android.gms:play-services-auth:21.3.0] AndroidManifest.xml:34:13-89
74            android:exported="true"
74-->[com.google.android.gms:play-services-auth:21.3.0] AndroidManifest.xml:35:13-36
75            android:permission="com.google.android.gms.auth.api.signin.permission.REVOCATION_NOTIFICATION"
75-->[com.google.android.gms:play-services-auth:21.3.0] AndroidManifest.xml:36:13-107
76            android:visibleToInstantApps="true" />
76-->[com.google.android.gms:play-services-auth:21.3.0] AndroidManifest.xml:37:13-48
77
78        <activity
78-->[com.google.android.gms:play-services-base:18.5.0] AndroidManifest.xml:5:9-173
79            android:name="com.google.android.gms.common.api.GoogleApiActivity"
79-->[com.google.android.gms:play-services-base:18.5.0] AndroidManifest.xml:5:19-85
80            android:exported="false"
80-->[com.google.android.gms:play-services-base:18.5.0] AndroidManifest.xml:5:146-170
81            android:theme="@android:style/Theme.Translucent.NoTitleBar" />
81-->[com.google.android.gms:play-services-base:18.5.0] AndroidManifest.xml:5:86-145
82
83        <provider
83-->[androidx.work:work-runtime:2.10.0] AndroidManifest.xml:29:9-37:20
84            android:name="androidx.startup.InitializationProvider"
84-->[androidx.work:work-runtime:2.10.0] AndroidManifest.xml:30:13-67
85            android:authorities="com.cloudpaper.app.androidx-startup"
85-->[androidx.work:work-runtime:2.10.0] AndroidManifest.xml:31:13-68
86            android:exported="false" >
86-->[androidx.work:work-runtime:2.10.0] AndroidManifest.xml:32:13-37
87            <meta-data
87-->[androidx.work:work-runtime:2.10.0] AndroidManifest.xml:34:13-36:52
88                android:name="androidx.work.WorkManagerInitializer"
88-->[androidx.work:work-runtime:2.10.0] AndroidManifest.xml:35:17-68
89                android:value="androidx.startup" />
89-->[androidx.work:work-runtime:2.10.0] AndroidManifest.xml:36:17-49
90            <meta-data
90-->[androidx.emoji2:emoji2:1.3.0] AndroidManifest.xml:29:13-31:52
91                android:name="androidx.emoji2.text.EmojiCompatInitializer"
91-->[androidx.emoji2:emoji2:1.3.0] AndroidManifest.xml:30:17-75
92                android:value="androidx.startup" />
92-->[androidx.emoji2:emoji2:1.3.0] AndroidManifest.xml:31:17-49
93            <meta-data
93-->[androidx.lifecycle:lifecycle-process:2.8.7] AndroidManifest.xml:29:13-31:52
94                android:name="androidx.lifecycle.ProcessLifecycleInitializer"
94-->[androidx.lifecycle:lifecycle-process:2.8.7] AndroidManifest.xml:30:17-78
95                android:value="androidx.startup" />
95-->[androidx.lifecycle:lifecycle-process:2.8.7] AndroidManifest.xml:31:17-49
96            <meta-data
96-->[androidx.profileinstaller:profileinstaller:1.4.1] AndroidManifest.xml:29:13-31:52
97                android:name="androidx.profileinstaller.ProfileInstallerInitializer"
97-->[androidx.profileinstaller:profileinstaller:1.4.1] AndroidManifest.xml:30:17-85
98                android:value="androidx.startup" />
98-->[androidx.profileinstaller:profileinstaller:1.4.1] AndroidManifest.xml:31:17-49
99        </provider>
100
101        <service
101-->[androidx.work:work-runtime:2.10.0] AndroidManifest.xml:39:9-45:35
102            android:name="androidx.work.impl.background.systemalarm.SystemAlarmService"
102-->[androidx.work:work-runtime:2.10.0] AndroidManifest.xml:40:13-88
103            android:directBootAware="false"
103-->[androidx.work:work-runtime:2.10.0] AndroidManifest.xml:41:13-44
104            android:enabled="@bool/enable_system_alarm_service_default"
104-->[androidx.work:work-runtime:2.10.0] AndroidManifest.xml:42:13-72
105            android:exported="false" />
105-->[androidx.work:work-runtime:2.10.0] AndroidManifest.xml:43:13-37
106        <service
106-->[androidx.work:work-runtime:2.10.0] AndroidManifest.xml:46:9-52:35
107            android:name="androidx.work.impl.background.systemjob.SystemJobService"
107-->[androidx.work:work-runtime:2.10.0] AndroidManifest.xml:47:13-84
108            android:directBootAware="false"
108-->[androidx.work:work-runtime:2.10.0] AndroidManifest.xml:48:13-44
109            android:enabled="@bool/enable_system_job_service_default"
109-->[androidx.work:work-runtime:2.10.0] AndroidManifest.xml:49:13-70
110            android:exported="true"
110-->[androidx.work:work-runtime:2.10.0] AndroidManifest.xml:50:13-36
111            android:permission="android.permission.BIND_JOB_SERVICE" />
111-->[androidx.work:work-runtime:2.10.0] AndroidManifest.xml:51:13-69
112        <service
112-->[androidx.work:work-runtime:2.10.0] AndroidManifest.xml:53:9-59:35
113            android:name="androidx.work.impl.foreground.SystemForegroundService"
113-->[androidx.work:work-runtime:2.10.0] AndroidManifest.xml:54:13-81
114            android:directBootAware="false"
114-->[androidx.work:work-runtime:2.10.0] AndroidManifest.xml:55:13-44
115            android:enabled="@bool/enable_system_foreground_service_default"
115-->[androidx.work:work-runtime:2.10.0] AndroidManifest.xml:56:13-77
116            android:exported="false" />
116-->[androidx.work:work-runtime:2.10.0] AndroidManifest.xml:57:13-37
117
118        <receiver
118-->[androidx.work:work-runtime:2.10.0] AndroidManifest.xml:61:9-66:35
119            android:name="androidx.work.impl.utils.ForceStopRunnable$BroadcastReceiver"
119-->[androidx.work:work-runtime:2.10.0] AndroidManifest.xml:62:13-88
120            android:directBootAware="false"
120-->[androidx.work:work-runtime:2.10.0] AndroidManifest.xml:63:13-44
121            android:enabled="true"
121-->[androidx.work:work-runtime:2.10.0] AndroidManifest.xml:64:13-35
122            android:exported="false" />
122-->[androidx.work:work-runtime:2.10.0] AndroidManifest.xml:65:13-37
123        <receiver
123-->[androidx.work:work-runtime:2.10.0] AndroidManifest.xml:67:9-77:20
124            android:name="androidx.work.impl.background.systemalarm.ConstraintProxy$BatteryChargingProxy"
124-->[androidx.work:work-runtime:2.10.0] AndroidManifest.xml:68:13-106
125            android:directBootAware="false"
125-->[androidx.work:work-runtime:2.10.0] AndroidManifest.xml:69:13-44
126            android:enabled="false"
126-->[androidx.work:work-runtime:2.10.0] AndroidManifest.xml:70:13-36
127            android:exported="false" >
127-->[androidx.work:work-runtime:2.10.0] AndroidManifest.xml:71:13-37
128            <intent-filter>
128-->[androidx.work:work-runtime:2.10.0] AndroidManifest.xml:73:13-76:29
129                <action android:name="android.intent.action.ACTION_POWER_CONNECTED" />
129-->[androidx.work:work-runtime:2.10.0] AndroidManifest.xml:74:17-87
129-->[androidx.work:work-runtime:2.10.0] AndroidManifest.xml:74:25-84
130                <action android:name="android.intent.action.ACTION_POWER_DISCONNECTED" />
130-->[androidx.work:work-runtime:2.10.0] AndroidManifest.xml:75:17-90
130-->[androidx.work:work-runtime:2.10.0] AndroidManifest.xml:75:25-87
131            </intent-filter>
132        </receiver>
133        <receiver
133-->[androidx.work:work-runtime:2.10.0] AndroidManifest.xml:78:9-88:20
134            android:name="androidx.work.impl.background.systemalarm.ConstraintProxy$BatteryNotLowProxy"
134-->[androidx.work:work-runtime:2.10.0] AndroidManifest.xml:79:13-104
135            android:directBootAware="false"
135-->[androidx.work:work-runtime:2.10.0] AndroidManifest.xml:80:13-44
136            android:enabled="false"
136-->[androidx.work:work-runtime:2.10.0] AndroidManifest.xml:81:13-36
137            android:exported="false" >
137-->[androidx.work:work-runtime:2.10.0] AndroidManifest.xml:82:13-37
138            <intent-filter>
138-->[androidx.work:work-runtime:2.10.0] AndroidManifest.xml:84:13-87:29
139                <action android:name="android.intent.action.BATTERY_OKAY" />
139-->[androidx.work:work-runtime:2.10.0] AndroidManifest.xml:85:17-77
139-->[androidx.work:work-runtime:2.10.0] AndroidManifest.xml:85:25-74
140                <action android:name="android.intent.action.BATTERY_LOW" />
140-->[androidx.work:work-runtime:2.10.0] AndroidManifest.xml:86:17-76
140-->[androidx.work:work-runtime:2.10.0] AndroidManifest.xml:86:25-73
141            </intent-filter>
142        </receiver>
143        <receiver
143-->[androidx.work:work-runtime:2.10.0] AndroidManifest.xml:89:9-99:20
144            android:name="androidx.work.impl.background.systemalarm.ConstraintProxy$StorageNotLowProxy"
144-->[androidx.work:work-runtime:2.10.0] AndroidManifest.xml:90:13-104
145            android:directBootAware="false"
145-->[androidx.work:work-runtime:2.10.0] AndroidManifest.xml:91:13-44
146            android:enabled="false"
146-->[androidx.work:work-runtime:2.10.0] AndroidManifest.xml:92:13-36
147            android:exported="false" >
147-->[androidx.work:work-runtime:2.10.0] AndroidManifest.xml:93:13-37
148            <intent-filter>
148-->[androidx.work:work-runtime:2.10.0] AndroidManifest.xml:95:13-98:29
149                <action android:name="android.intent.action.DEVICE_STORAGE_LOW" />
149-->[androidx.work:work-runtime:2.10.0] AndroidManifest.xml:96:17-83
149-->[androidx.work:work-runtime:2.10.0] AndroidManifest.xml:96:25-80
150                <action android:name="android.intent.action.DEVICE_STORAGE_OK" />
150-->[androidx.work:work-runtime:2.10.0] AndroidManifest.xml:97:17-82
150-->[androidx.work:work-runtime:2.10.0] AndroidManifest.xml:97:25-79
151            </intent-filter>
152        </receiver>
153        <receiver
153-->[androidx.work:work-runtime:2.10.0] AndroidManifest.xml:100:9-109:20
154            android:name="androidx.work.impl.background.systemalarm.ConstraintProxy$NetworkStateProxy"
154-->[androidx.work:work-runtime:2.10.0] AndroidManifest.xml:101:13-103
155            android:directBootAware="false"
155-->[androidx.work:work-runtime:2.10.0] AndroidManifest.xml:102:13-44
156            android:enabled="false"
156-->[androidx.work:work-runtime:2.10.0] AndroidManifest.xml:103:13-36
157            android:exported="false" >
157-->[androidx.work:work-runtime:2.10.0] AndroidManifest.xml:104:13-37
158            <intent-filter>
158-->[androidx.work:work-runtime:2.10.0] AndroidManifest.xml:106:13-108:29
159                <action android:name="android.net.conn.CONNECTIVITY_CHANGE" />
159-->[androidx.work:work-runtime:2.10.0] AndroidManifest.xml:107:17-79
159-->[androidx.work:work-runtime:2.10.0] AndroidManifest.xml:107:25-76
160            </intent-filter>
161        </receiver>
162        <receiver
162-->[androidx.work:work-runtime:2.10.0] AndroidManifest.xml:110:9-121:20
163            android:name="androidx.work.impl.background.systemalarm.RescheduleReceiver"
163-->[androidx.work:work-runtime:2.10.0] AndroidManifest.xml:111:13-88
164            android:directBootAware="false"
164-->[androidx.work:work-runtime:2.10.0] AndroidManifest.xml:112:13-44
165            android:enabled="false"
165-->[androidx.work:work-runtime:2.10.0] AndroidManifest.xml:113:13-36
166            android:exported="false" >
166-->[androidx.work:work-runtime:2.10.0] AndroidManifest.xml:114:13-37
167            <intent-filter>
167-->[androidx.work:work-runtime:2.10.0] AndroidManifest.xml:116:13-120:29
168                <action android:name="android.intent.action.BOOT_COMPLETED" />
168-->src\main\AndroidManifest.xml:43:17-79
168-->src\main\AndroidManifest.xml:43:25-76
169                <action android:name="android.intent.action.TIME_SET" />
169-->[androidx.work:work-runtime:2.10.0] AndroidManifest.xml:118:17-73
169-->[androidx.work:work-runtime:2.10.0] AndroidManifest.xml:118:25-70
170                <action android:name="android.intent.action.TIMEZONE_CHANGED" />
170-->[androidx.work:work-runtime:2.10.0] AndroidManifest.xml:119:17-81
170-->[androidx.work:work-runtime:2.10.0] AndroidManifest.xml:119:25-78
171            </intent-filter>
172        </receiver>
173        <receiver
173-->[androidx.work:work-runtime:2.10.0] AndroidManifest.xml:122:9-131:20
174            android:name="androidx.work.impl.background.systemalarm.ConstraintProxyUpdateReceiver"
174-->[androidx.work:work-runtime:2.10.0] AndroidManifest.xml:123:13-99
175            android:directBootAware="false"
175-->[androidx.work:work-runtime:2.10.0] AndroidManifest.xml:124:13-44
176            android:enabled="@bool/enable_system_alarm_service_default"
176-->[androidx.work:work-runtime:2.10.0] AndroidManifest.xml:125:13-72
177            android:exported="false" >
177-->[androidx.work:work-runtime:2.10.0] AndroidManifest.xml:126:13-37
178            <intent-filter>
178-->[androidx.work:work-runtime:2.10.0] AndroidManifest.xml:128:13-130:29
179                <action android:name="androidx.work.impl.background.systemalarm.UpdateProxies" />
179-->[androidx.work:work-runtime:2.10.0] AndroidManifest.xml:129:17-98
179-->[androidx.work:work-runtime:2.10.0] AndroidManifest.xml:129:25-95
180            </intent-filter>
181        </receiver>
182        <receiver
182-->[androidx.work:work-runtime:2.10.0] AndroidManifest.xml:132:9-142:20
183            android:name="androidx.work.impl.diagnostics.DiagnosticsReceiver"
183-->[androidx.work:work-runtime:2.10.0] AndroidManifest.xml:133:13-78
184            android:directBootAware="false"
184-->[androidx.work:work-runtime:2.10.0] AndroidManifest.xml:134:13-44
185            android:enabled="true"
185-->[androidx.work:work-runtime:2.10.0] AndroidManifest.xml:135:13-35
186            android:exported="true"
186-->[androidx.work:work-runtime:2.10.0] AndroidManifest.xml:136:13-36
187            android:permission="android.permission.DUMP" >
187-->[androidx.work:work-runtime:2.10.0] AndroidManifest.xml:137:13-57
188            <intent-filter>
188-->[androidx.work:work-runtime:2.10.0] AndroidManifest.xml:139:13-141:29
189                <action android:name="androidx.work.diagnostics.REQUEST_DIAGNOSTICS" />
189-->[androidx.work:work-runtime:2.10.0] AndroidManifest.xml:140:17-88
189-->[androidx.work:work-runtime:2.10.0] AndroidManifest.xml:140:25-85
190            </intent-filter>
191        </receiver>
192
193        <activity
193-->[androidx.compose.ui:ui-tooling-android:1.7.8] AndroidManifest.xml:23:9-25:39
194            android:name="androidx.compose.ui.tooling.PreviewActivity"
194-->[androidx.compose.ui:ui-tooling-android:1.7.8] AndroidManifest.xml:24:13-71
195            android:exported="true" />
195-->[androidx.compose.ui:ui-tooling-android:1.7.8] AndroidManifest.xml:25:13-36
196
197        <service
197-->[androidx.room:room-runtime:2.6.1] AndroidManifest.xml:24:9-28:63
198            android:name="androidx.room.MultiInstanceInvalidationService"
198-->[androidx.room:room-runtime:2.6.1] AndroidManifest.xml:25:13-74
199            android:directBootAware="true"
199-->[androidx.room:room-runtime:2.6.1] AndroidManifest.xml:26:13-43
200            android:exported="false" />
200-->[androidx.room:room-runtime:2.6.1] AndroidManifest.xml:27:13-37
201
202        <meta-data
202-->[com.google.android.gms:play-services-basement:18.4.0] AndroidManifest.xml:6:9-122
203            android:name="com.google.android.gms.version"
203-->[com.google.android.gms:play-services-basement:18.4.0] AndroidManifest.xml:6:20-65
204            android:value="@integer/google_play_services_version" />
204-->[com.google.android.gms:play-services-basement:18.4.0] AndroidManifest.xml:6:66-119
205
206        <receiver
206-->[androidx.profileinstaller:profileinstaller:1.4.1] AndroidManifest.xml:34:9-52:20
207            android:name="androidx.profileinstaller.ProfileInstallReceiver"
207-->[androidx.profileinstaller:profileinstaller:1.4.1] AndroidManifest.xml:35:13-76
208            android:directBootAware="false"
208-->[androidx.profileinstaller:profileinstaller:1.4.1] AndroidManifest.xml:36:13-44
209            android:enabled="true"
209-->[androidx.profileinstaller:profileinstaller:1.4.1] AndroidManifest.xml:37:13-35
210            android:exported="true"
210-->[androidx.profileinstaller:profileinstaller:1.4.1] AndroidManifest.xml:38:13-36
211            android:permission="android.permission.DUMP" >
211-->[androidx.profileinstaller:profileinstaller:1.4.1] AndroidManifest.xml:39:13-57
212            <intent-filter>
212-->[androidx.profileinstaller:profileinstaller:1.4.1] AndroidManifest.xml:40:13-42:29
213                <action android:name="androidx.profileinstaller.action.INSTALL_PROFILE" />
213-->[androidx.profileinstaller:profileinstaller:1.4.1] AndroidManifest.xml:41:17-91
213-->[androidx.profileinstaller:profileinstaller:1.4.1] AndroidManifest.xml:41:25-88
214            </intent-filter>
215            <intent-filter>
215-->[androidx.profileinstaller:profileinstaller:1.4.1] AndroidManifest.xml:43:13-45:29
216                <action android:name="androidx.profileinstaller.action.SKIP_FILE" />
216-->[androidx.profileinstaller:profileinstaller:1.4.1] AndroidManifest.xml:44:17-85
216-->[androidx.profileinstaller:profileinstaller:1.4.1] AndroidManifest.xml:44:25-82
217            </intent-filter>
218            <intent-filter>
218-->[androidx.profileinstaller:profileinstaller:1.4.1] AndroidManifest.xml:46:13-48:29
219                <action android:name="androidx.profileinstaller.action.SAVE_PROFILE" />
219-->[androidx.profileinstaller:profileinstaller:1.4.1] AndroidManifest.xml:47:17-88
219-->[androidx.profileinstaller:profileinstaller:1.4.1] AndroidManifest.xml:47:25-85
220            </intent-filter>
221            <intent-filter>
221-->[androidx.profileinstaller:profileinstaller:1.4.1] AndroidManifest.xml:49:13-51:29
222                <action android:name="androidx.profileinstaller.action.BENCHMARK_OPERATION" />
222-->[androidx.profileinstaller:profileinstaller:1.4.1] AndroidManifest.xml:50:17-95
222-->[androidx.profileinstaller:profileinstaller:1.4.1] AndroidManifest.xml:50:25-92
223            </intent-filter>
224        </receiver>
225    </application>
226
227</manifest>